


ARM Macro Assembler    Page 1 


    1 00000000         ;Homework 6
    2 00000000         ;Drew Engberson
    3 00000000         
    4 00000000 00000064 
                       MAX_LEN EQU              100
    5 00000000         
    6 00000000                 AREA             Homework6, CODE
    7 00000000                 EXPORT           main
    8 00000000                 ENTRY
    9 00000000         
   10 00000000         main
   11 00000000 F04F 0700       MOV              R7, #0
   12 00000004 4A18            LDR              R2, =HCode
   13 00000006 F04F 0301       MOV              R3, #1
   14 0000000A         DaLoop
   15 0000000A 5CD6            LDRB             R6, [R2, R3]
   16 0000000C 2E00            CMP              R6, #0
   17 0000000E D003            BEQ              IsZero
   18 00000010 2E01            CMP              R6, #1
   19 00000012 D104            BNE              DoneErrDet
   20 00000014 EA87 0703       EOR              R7, R7, R3
   21 00000018         IsZero
   22 00000018 F103 0301       ADD              R3, R3, #1
   23 0000001C E7F5            B                DaLoop
   24 0000001E         DoneErrDet
   25 0000001E 2F00            CMP              R7, #0x00
   26 00000020 D008            BEQ              NoParityErr
   27 00000022 5DD6            LDRB             R6, [R2, R7]
   28 00000024 2E31            CMP              R6, #'1'
   29 00000026 D002            BEQ              IsEqual
   30 00000028 F04F 0631       MOV              R6, #'1'
   31 0000002C E001            B                NotEqual
   32 0000002E         IsEqual
   33 0000002E F04F 0630       MOV              R6, #'0'
   34 00000032         NotEqual
   35 00000032 55D6            STRB             R6, [R2, R7]
   36 00000034         NoParityErr
   37 00000034 F04F 0301       MOV              R3, #1
   38 00000038 4C0C            LDR              R4, =SrcWord - 1
   39 0000003A F04F 0501       MOV              R5, #1
   40 0000003E F04F 0801       MOV              R8, #1
   41 00000042         SecondLoop
   42 00000042 5CD6            LDRB             R6, [R2, R3]
   43 00000044 2E00            CMP              R6, #0x00
   44 00000046 D00A            BEQ              DoneSrcWord
   45 00000048 4543            CMP              R3, R8
   46 0000004A D003            BEQ              LogicalShift
   47 0000004C 5566            STRB             R6,  [R4, R5]
   48 0000004E F105 0501       ADD              R5, R5, #1
   49 00000052 E001            B                SkipShift
   50 00000054         LogicalShift
   51 00000054 EA4F 0848       LSL              R8, #1
   52 00000058         SkipShift
   53 00000058 F103 0301       ADD              R3, R3, #1
   54 0000005C E7F1            B                SecondLoop
   55 0000005E         DoneSrcWord
   56 0000005E F04F 0600       MOV              R6, #0
   57 00000062 5566            STRB             R6, [R4, R5]
   58 00000064 DF11            SVC              #0x11



ARM Macro Assembler    Page 2 


   59 00000066         
   60 00000066         
   61 00000066         ;MOV R0, #0x18      ; angel_SWIreason_ReportException
   62 00000066         ;LDR R1, =0x20026   ; ADP_Stopped_ApplicationExit
   63 00000066         ;SVC #0x11
   64 00000066         
   65 00000066         
   66 00000066         
   67 00000066 00 00           ALIGN
   68 00000068         
   69 00000068 00000000 
              FFFFFFFF         AREA             HomeworkNumber6, DATA, READWRIT
E
   70 00000000         
   71 00000000                 EXPORT           adrHCode    ;needed for display
                                                            ing addr in command
                                                            -window
   72 00000000                 EXPORT           adrSrcWord
   73 00000000         
   74 00000000 00000000 
                       adrHCode
                               DCD              HCode       ;needed for display
                                                            ing addr in command
                                                            -window
   75 00000004 00000000 
                       adrSrcWord
                               DCD              SrcWord
   76 00000008         
   77 00000008         
   78 00000008 31 31 31 
              31 31 31 
              30 30 30 
              30 30 31 
              31 30 31 HCode   DCB              "111111000001101"
   79 00000017 00 00 00 
              00 00 00 
              00 00 00 
              00 00 00 
              00 00 00 
              00 00 00 
              00 00 00 
              00 00 00 
              00 00 00 
              00 00 00 
              00 00 00 
              00 00 00 
              00 00 00 
              00 00 00 
              00 00 00 
              00 00 00 
              00 00 00 
              00 00 00 
              00 00 00 
              00 00 00 
              00 00 00 
              00 00 00 
              00 00 00 
              00 00 00 
              00 00 00 



ARM Macro Assembler    Page 3 


              00 00 00 
              00 00 00 
              00 00 00 
              00 00 00 
              00 00 00 
              00 00 00 
              00 00 00 
              00 00 00 
              00       SrcWord SPACE            MAX_LEN
   80 0000007B         
   81 0000007B 00              ALIGN
   82 0000007C         
   83 0000007C                 END
Command Line: --debug --xref --diag_suppress=9931 --cpu=Cortex-M3 --apcs=interw
ork --depend=.\objects\armex.d -o.\objects\armex.o -I.\RTE\_Target_1 -IC:\Keil_
v5\ARM\PACK\ARM\CMSIS\5.0.1\CMSIS\Include -IC:\Keil_v5\ARM\PACK\ARM\CMSIS\5.0.1
\Device\ARM\ARMCM3\Include --predefine="__EVAL SETA 1" --predefine="__UVISION_V
ERSION SETA 524" --predefine="_RTE_ SETA 1" --predefine="ARMCM3 SETA 1" --list=
.\listings\armex.lst ARMex.s



ARM Macro Assembler    Page 1 Alphabetic symbol ordering
Relocatable symbols

DaLoop 0000000A

Symbol: DaLoop
   Definitions
      At line 14 in file ARMex.s
   Uses
      At line 23 in file ARMex.s
Comment: DaLoop used once
DoneErrDet 0000001E

Symbol: DoneErrDet
   Definitions
      At line 24 in file ARMex.s
   Uses
      At line 19 in file ARMex.s
Comment: DoneErrDet used once
DoneSrcWord 0000005E

Symbol: DoneSrcWord
   Definitions
      At line 55 in file ARMex.s
   Uses
      At line 44 in file ARMex.s
Comment: DoneSrcWord used once
Homework6 00000000

Symbol: Homework6
   Definitions
      At line 6 in file ARMex.s
   Uses
      None
Comment: Homework6 unused
IsEqual 0000002E

Symbol: IsEqual
   Definitions
      At line 32 in file ARMex.s
   Uses
      At line 29 in file ARMex.s
Comment: IsEqual used once
IsZero 00000018

Symbol: IsZero
   Definitions
      At line 21 in file ARMex.s
   Uses
      At line 17 in file ARMex.s
Comment: IsZero used once
LogicalShift 00000054

Symbol: LogicalShift
   Definitions
      At line 50 in file ARMex.s
   Uses
      At line 46 in file ARMex.s
Comment: LogicalShift used once
NoParityErr 00000034

Symbol: NoParityErr



ARM Macro Assembler    Page 2 Alphabetic symbol ordering
Relocatable symbols

   Definitions
      At line 36 in file ARMex.s
   Uses
      At line 26 in file ARMex.s
Comment: NoParityErr used once
NotEqual 00000032

Symbol: NotEqual
   Definitions
      At line 34 in file ARMex.s
   Uses
      At line 31 in file ARMex.s
Comment: NotEqual used once
SecondLoop 00000042

Symbol: SecondLoop
   Definitions
      At line 41 in file ARMex.s
   Uses
      At line 54 in file ARMex.s
Comment: SecondLoop used once
SkipShift 00000058

Symbol: SkipShift
   Definitions
      At line 52 in file ARMex.s
   Uses
      At line 49 in file ARMex.s
Comment: SkipShift used once
main 00000000

Symbol: main
   Definitions
      At line 10 in file ARMex.s
   Uses
      At line 7 in file ARMex.s
Comment: main used once
12 symbols



ARM Macro Assembler    Page 1 Alphabetic symbol ordering
Relocatable symbols

HCode 00000008

Symbol: HCode
   Definitions
      At line 78 in file ARMex.s
   Uses
      At line 12 in file ARMex.s
      At line 74 in file ARMex.s

HomeworkNumber6 00000000

Symbol: HomeworkNumber6
   Definitions
      At line 69 in file ARMex.s
   Uses
      None
Comment: HomeworkNumber6 unused
SrcWord 00000017

Symbol: SrcWord
   Definitions
      At line 79 in file ARMex.s
   Uses
      At line 38 in file ARMex.s
      At line 75 in file ARMex.s

adrHCode 00000000

Symbol: adrHCode
   Definitions
      At line 74 in file ARMex.s
   Uses
      At line 71 in file ARMex.s
Comment: adrHCode used once
adrSrcWord 00000004

Symbol: adrSrcWord
   Definitions
      At line 75 in file ARMex.s
   Uses
      At line 72 in file ARMex.s
Comment: adrSrcWord used once
5 symbols



ARM Macro Assembler    Page 1 Alphabetic symbol ordering
Absolute symbols

MAX_LEN 00000064

Symbol: MAX_LEN
   Definitions
      At line 4 in file ARMex.s
   Uses
      At line 79 in file ARMex.s
Comment: MAX_LEN used once
1 symbol
354 symbols in table
