


ARM Macro Assembler    Page 1 


    1 00000000         ;Homework 4
    2 00000000         ;Drew Engberson
    3 00000000         ;This program takes two strings and appends them to 
    4 00000000         ;a new string while alternating.
    5 00000000         
    6 00000000 00000064 
                       MAX_LEN EQU              100         ;Symbolic name used
                                                             to combine the two
                                                             strings.
    7 00000000         
    8 00000000                 AREA             Homework4, CODE
    9 00000000                 EXPORT           main
   10 00000000                 ENTRY
   11 00000000         
   12 00000000         main
   13 00000000 4A11            LDR              R2, =StrOne ;Declaration of nul
                                                            l-terminated string
                                                            
   14 00000002 4B12            LDR              R3, =StrTwo ; ""
   15 00000004 4C12            LDR              R4, =MixStr ; ""
   16 00000006         
   17 00000006         LoopMix
   18 00000006 F812 5B01       LDRB             R5, [R2], #1 ;Loads first chara
                                                            cter from StrTwo to
                                                             R5 & increments R2
                                                            
   19 0000000A 2D00            CMP              R5, #0
   20 0000000C D008            BEQ              DoneStrOne  ;Branches to DoneSt
                                                            rOne if StrOne is c
                                                            ompletely copied
   21 0000000E F804 5B01       STRB             R5, [R4], #1 ;Stores current by
                                                            te from R5 into Mix
                                                            Str
   22 00000012 F813 5B01       LDRB             R5, [R3], #1 ;Loads first chara
                                                            cter from StrTwo to
                                                             R5 & increments R3
                                                            
   23 00000016 2D00            CMP              R5, #0
   24 00000018 D009            BEQ              DoneStrTwo  ;Branches to DoneSt
                                                            rTwo if StrTwo is c
                                                            ompletely copied
   25 0000001A F804 5B01       STRB             R5, [R4], #1
   26 0000001E E7F2            B                LoopMix
   27 00000020         
   28 00000020         DoneStrOne                           ;Writes remainder o
                                                            f StrTwo to MixStr
   29 00000020 F813 5B01       LDRB             R5, [R3], #1 ;Loads current add
                                                            ress of StrTwo
   30 00000024 2D00            CMP              R5, #0
   31 00000026 D009            BEQ              DoneAll     ;If null, branch to
                                                             DoneAll
   32 00000028 F804 5B01       STRB             R5, [R4], #1 ;Else, writes StrT
                                                            wo to MixStr
   33 0000002C E7F8            B                DoneStrOne
   34 0000002E         
   35 0000002E         DoneStrTwo                           ;Writes remainder o
                                                            f StrOne to MixStr
   36 0000002E F812 5B01       LDRB             R5, [R2], #1
   37 00000032 2D00            CMP              R5, #0



ARM Macro Assembler    Page 2 


   38 00000034 D002            BEQ              DoneAll
   39 00000036 F804 5B01       STRB             R5, [R4], #1
   40 0000003A E7F8            B                DoneStrTwo
   41 0000003C         
   42 0000003C         DoneAll
   43 0000003C 7025            STRB             R5, [R4]
   44 0000003E 4902            LDR              R1, =StrOne
   45 00000040         
   46 00000040         DONE
   47 00000040 F04F 0018       MOV              r0, #0x18   ; angel_SWIreason_R
                                                            eportException
   48 00000044 4904            LDR              r1, =0x20026 ; ADP_Stopped_Appl
                                                            icationExit
   49 00000046 DF11            SVC              #0x11       ; previously SWI
   50 00000048         ;BKPT #0xAB for semihosting isn't supported in Keil's uV
                       
   51 00000048         
   52 00000048         
   53 00000048         
   54 00000048 00000000 
              00000000 
              00000000 
              00000000 
              00020026         AREA             HomeworkNumber4, DATA, READWRIT
E
   55 00000000         
   56 00000000                 EXPORT           adrStrOne   ;needed for display
                                                            ing addr in command
                                                            -window
   57 00000000                 EXPORT           adrStrTwo
   58 00000000                 EXPORT           adrMixStr
   59 00000000         
   60 00000000 00000000 
                       adrStrOne
                               DCD              StrOne      ;needed for display
                                                            ing addr in command
                                                            -window
   61 00000004 00000000 
                       adrStrTwo
                               DCD              StrTwo      ;needed for display
                                                            ing addr in command
                                                            -window
   62 00000008 00000000 
                       adrMixStr
                               DCD              MixStr      ;needed for display
                                                            ing addr in command
                                                            -window
   63 0000000C         
   64 0000000C 48 65 6C 
              6C 6F 20 
              77 6F 72 
              6C 64 21 
              00       StrOne  DCB              "Hello world!", 0 ; String one
   65 00000019 57 68 61 
              74 20 69 
              73 20 75 
              70 20 6D 
              79 20 64 
              75 64 65 



ARM Macro Assembler    Page 3 


              00       StrTwo  DCB              "What is up my dude", 0 
                                                            ; String two
   66 0000002C 00 00 00 
              00 00 00 
              00 00 00 
              00 00 00 
              00 00 00 
              00 00 00 
              00 00 00 
              00 00 00 
              00 00 00 
              00 00 00 
              00 00 00 
              00 00 00 
              00 00 00 
              00 00 00 
              00 00 00 
              00 00 00 
              00 00 00 
              00 00 00 
              00 00 00 
              00 00 00 
              00 00 00 
              00 00 00 
              00 00 00 
              00 00 00 
              00 00 00 
              00 00 00 
              00 00 00 
              00 00 00 
              00 00 00 
              00 00 00 
              00 00 00 
              00 00 00 
              00 00 00 
              00       MixStr  SPACE            MAX_LEN
   67 00000090                 ALIGN
   68 00000090         
   69 00000090                 END
Command Line: --debug --xref --diag_suppress=9931 --cpu=Cortex-M3 --apcs=interw
ork --depend=.\objects\armex.d -o.\objects\armex.o -I.\RTE\_Target_1 -IC:\Keil_
v5\ARM\PACK\ARM\CMSIS\5.0.1\CMSIS\Include -IC:\Keil_v5\ARM\PACK\ARM\CMSIS\5.0.1
\Device\ARM\ARMCM3\Include --predefine="__EVAL SETA 1" --predefine="__UVISION_V
ERSION SETA 524" --predefine="_RTE_ SETA 1" --predefine="ARMCM3 SETA 1" --list=
.\listings\armex.lst ARMex.s



ARM Macro Assembler    Page 1 Alphabetic symbol ordering
Relocatable symbols

DONE 00000040

Symbol: DONE
   Definitions
      At line 46 in file ARMex.s
   Uses
      None
Comment: DONE unused
DoneAll 0000003C

Symbol: DoneAll
   Definitions
      At line 42 in file ARMex.s
   Uses
      At line 31 in file ARMex.s
      At line 38 in file ARMex.s

DoneStrOne 00000020

Symbol: DoneStrOne
   Definitions
      At line 28 in file ARMex.s
   Uses
      At line 20 in file ARMex.s
      At line 33 in file ARMex.s

DoneStrTwo 0000002E

Symbol: DoneStrTwo
   Definitions
      At line 35 in file ARMex.s
   Uses
      At line 24 in file ARMex.s
      At line 40 in file ARMex.s

Homework4 00000000

Symbol: Homework4
   Definitions
      At line 8 in file ARMex.s
   Uses
      None
Comment: Homework4 unused
LoopMix 00000006

Symbol: LoopMix
   Definitions
      At line 17 in file ARMex.s
   Uses
      At line 26 in file ARMex.s
Comment: LoopMix used once
main 00000000

Symbol: main
   Definitions
      At line 12 in file ARMex.s
   Uses
      At line 9 in file ARMex.s
Comment: main used once



ARM Macro Assembler    Page 2 Alphabetic symbol ordering
Relocatable symbols

7 symbols



ARM Macro Assembler    Page 1 Alphabetic symbol ordering
Relocatable symbols

HomeworkNumber4 00000000

Symbol: HomeworkNumber4
   Definitions
      At line 54 in file ARMex.s
   Uses
      None
Comment: HomeworkNumber4 unused
MixStr 0000002C

Symbol: MixStr
   Definitions
      At line 66 in file ARMex.s
   Uses
      At line 15 in file ARMex.s
      At line 62 in file ARMex.s

StrOne 0000000C

Symbol: StrOne
   Definitions
      At line 64 in file ARMex.s
   Uses
      At line 13 in file ARMex.s
      At line 44 in file ARMex.s
      At line 60 in file ARMex.s

StrTwo 00000019

Symbol: StrTwo
   Definitions
      At line 65 in file ARMex.s
   Uses
      At line 14 in file ARMex.s
      At line 61 in file ARMex.s

adrMixStr 00000008

Symbol: adrMixStr
   Definitions
      At line 62 in file ARMex.s
   Uses
      At line 58 in file ARMex.s
Comment: adrMixStr used once
adrStrOne 00000000

Symbol: adrStrOne
   Definitions
      At line 60 in file ARMex.s
   Uses
      At line 56 in file ARMex.s
Comment: adrStrOne used once
adrStrTwo 00000004

Symbol: adrStrTwo
   Definitions
      At line 61 in file ARMex.s
   Uses
      At line 57 in file ARMex.s



ARM Macro Assembler    Page 2 Alphabetic symbol ordering
Relocatable symbols

Comment: adrStrTwo used once
7 symbols



ARM Macro Assembler    Page 1 Alphabetic symbol ordering
Absolute symbols

MAX_LEN 00000064

Symbol: MAX_LEN
   Definitions
      At line 6 in file ARMex.s
   Uses
      At line 66 in file ARMex.s
Comment: MAX_LEN used once
1 symbol
351 symbols in table
